<?xml version="1.0" encoding="UTF-8"?>
<!-- Generated by org.testng.reporters.JUnitReportReporter -->
<testsuite hostname="Raj" failures="0" tests="2" name="JavaSelenium.testNG.CarLoan" time="0.076" errors="0" timestamp="2023-11-20T19:37:12 IST" skipped="0">
  <testcase classname="JavaSelenium.testNG.CarLoan" name="aAA" time="0.057"/>
  <testcase classname="JavaSelenium.testNG.CarLoan" name="usedCarLoan" time="0.019"/>
</testsuite> <!-- JavaSelenium.testNG.CarLoan -->
