<?xml version="1.0" encoding="UTF-8"?>
<!-- Generated by org.testng.reporters.JUnitReportReporter -->
<testsuite hostname="Raj" failures="0" tests="1" name="JavaSelenium.testNG.GroupsInDepth" time="0.040" errors="0" timestamp="2023-11-17T18:55:10 IST" skipped="0">
  <testcase classname="JavaSelenium.testNG.GroupsInDepth" name="actualGroup" time="0.040"/>
</testsuite> <!-- JavaSelenium.testNG.GroupsInDepth -->
