<?xml version="1.0" encoding="UTF-8"?>
<!-- Generated by org.testng.reporters.JUnitReportReporter -->
<testsuite hostname="Raj" failures="0" tests="2" name="JavaSelenium.testNG.HomeLoan" time="0.104" errors="0" timestamp="2023-11-20T19:37:12 IST" skipped="0">
  <testcase classname="JavaSelenium.testNG.HomeLoan" name="newHouseLoan" time="0.054"/>
  <testcase classname="JavaSelenium.testNG.HomeLoan" name="newHouseLoan" time="0.050"/>
</testsuite> <!-- JavaSelenium.testNG.HomeLoan -->
