<?xml version="1.0" encoding="UTF-8"?>
<!-- Generated by org.testng.reporters.JUnitReportReporter -->
<testsuite hostname="Raj" failures="0" tests="2" name="JavaSelenium.testNg2.CreditCard" time="0.088" errors="0" timestamp="2023-11-20T19:37:12 IST" skipped="0">
  <testcase classname="JavaSelenium.testNg2.CreditCard" name="Rupay" time="0.073"/>
  <testcase classname="JavaSelenium.testNg2.CreditCard" name="Visa" time="0.015"/>
</testsuite> <!-- JavaSelenium.testNg2.CreditCard -->
