<?xml version="1.0" encoding="UTF-8"?>
<!-- Generated by org.testng.reporters.JUnitReportReporter -->
<testsuite hostname="Raj" failures="0" tests="6" name="JavaSelenium.testNG.PersonalLoan" time="0.384" errors="0" timestamp="2023-11-20T19:37:12 IST" skipped="1">
  <testcase classname="JavaSelenium.testNG.PersonalLoan" name="apiUnSecuredLoan" time="0.063"/>
  <testcase classname="JavaSelenium.testNG.PersonalLoan" name="abA" time="0.240"/>
  <testcase classname="JavaSelenium.testNG.PersonalLoan" name="mortageLoan" time="0.058"/>
  <testcase classname="JavaSelenium.testNG.PersonalLoan" name="apiCibilCheck" time="0.010"/>
  <testcase classname="JavaSelenium.testNG.PersonalLoan" name="unSecuredLoan" time="0.013"/>
  <testcase classname="JavaSelenium.testNG.PersonalLoan" name="cibilCheck">
    <skipped/>
  </testcase> <!-- cibilCheck -->
</testsuite> <!-- JavaSelenium.testNG.PersonalLoan -->
